Array
(
    [POST] => Array
        (
            [nombre] => Laboratorio de Soporte de Sistemas Informáticos
            [codigo] => 213123
            [categoria_id] => 5
        )

    [nombre] => 
    [codigo] => 
    [categoria_id] => 5
    [es_contraturno] => 0
    [timestamp] => 2025-07-18 04:00:57
)

---
Array
(
    [POST] => Array
        (
            [nombre] => Laboratorio de Soporte de Sistemas Informáticos
            [codigo] => 123
            [categoria_id] => 5
        )

    [nombre] => Laboratorio de Soporte de Sistemas Informáticos
    [codigo] => 123
    [categoria_id] => 5
    [es_contraturno] => 0
    [timestamp] => 2025-07-18 04:02:39
)

---
Array
(
    [POST] => Array
        (
            [nombre] => Laboratorio de Soporte de Sistemas Informáticos
            [codigo] => 123
            [categoria_id] => 5
        )

    [nombre] => Laboratorio de Soporte de Sistemas Informáticos
    [codigo] => 123
    [categoria_id] => 5
    [es_contraturno] => 0
    [timestamp] => 2025-07-18 04:03:55
)

---
